

Started GET "/photos/add" for 127.0.0.1 at 2013-03-25 16:29:50 +0800
Connecting to database specified by database.yml
Processing by PhotosController#add as HTML
  [1m[36mPhoto Load (277.5ms)[0m  [1mSELECT `photos`.* FROM `photos` WHERE `photos`.`id` = 1 LIMIT 1[0m
  Rendered text template (0.0ms)
Completed 200 OK in 839ms (Views: 71.0ms | ActiveRecord: 583.1ms)
Connecting to database specified by database.yml
Connecting to database specified by database.yml


Started POST "/photos/add" for 127.0.0.1 at 2013-03-25 16:49:54 +0800
Connecting to database specified by database.yml
Processing by PhotosController#add as XML
  Parameters: {"photo"=>#<ActionDispatch::Http::UploadedFile:0x43ad240 @original_filename="1.png", @content_type="image/png", @headers="Content-Disposition: form-data; name=\"photo\"; filename=\"1.png\"\r\nContent-Type: image/png\r\n", @tempfile=#<File:C:/Users/y/AppData/Local/Temp/RackMultipart20130325-7332-12vk34w>>, "description"=>"hello world"}
WARNING: Can't verify CSRF token authenticity
  Rendered text template (0.0ms)
Completed 200 OK in 121ms (Views: 16.0ms | ActiveRecord: 38.5ms)
Connecting to database specified by database.yml
Connecting to database specified by database.yml


Started POST "/photos/add" for 127.0.0.1 at 2013-03-28 15:46:33 +0800
Connecting to database specified by database.yml
Processing by PhotosController#add as XML
  Parameters: {"photo"=>#<ActionDispatch::Http::UploadedFile:0x3c7a970 @original_filename="1.png", @content_type="image/png", @headers="Content-Disposition: form-data; name=\"photo\"; filename=\"1.png\"\r\nContent-Type: image/png\r\n", @tempfile=#<File:C:/Users/y/AppData/Local/Temp/RackMultipart20130328-7312-10q7nea>>, "description"=>"hello world"}
WARNING: Can't verify CSRF token authenticity
  Rendered photos/add.json.jbuilder (0.0ms)
Completed 200 OK in 5265ms (Views: 109.0ms | ActiveRecord: 58.0ms)


Started POST "/photos/add" for 127.0.0.1 at 2013-03-28 15:47:37 +0800
Connecting to database specified by database.yml
Processing by PhotosController#add as XML
  Parameters: {"photo"=>#<ActionDispatch::Http::UploadedFile:0x585a9c8 @original_filename="1.png", @content_type="image/png", @headers="Content-Disposition: form-data; name=\"photo\"; filename=\"1.png\"\r\nContent-Type: image/png\r\n", @tempfile=#<File:C:/Users/y/AppData/Local/Temp/RackMultipart20130328-3820-zlbndr>>, "description"=>"hello world"}
WARNING: Can't verify CSRF token authenticity
  Rendered photos/add.json.jbuilder (0.0ms)
Completed 200 OK in 756ms (Views: 19.0ms | ActiveRecord: 673.0ms)


Started POST "/photos/add" for 127.0.0.1 at 2013-03-28 15:48:04 +0800
Processing by PhotosController#add as XML
  Parameters: {"photo"=>#<ActionDispatch::Http::UploadedFile:0x2959548 @original_filename="1.png", @content_type="image/png", @headers="Content-Disposition: form-data; name=\"photo\"; filename=\"1.png\"\r\nContent-Type: image/png\r\n", @tempfile=#<File:C:/Users/y/AppData/Local/Temp/RackMultipart20130328-3820-ix4yyk>>}
WARNING: Can't verify CSRF token authenticity
  Rendered photos/add.json.jbuilder (0.0ms)
Completed 200 OK in 14ms (Views: 12.0ms | ActiveRecord: 0.0ms)
Connecting to database specified by database.yml


Started POST "/photos/add" for 127.0.0.1 at 2013-03-28 15:50:48 +0800
Connecting to database specified by database.yml
Processing by PhotosController#add as XML
  Parameters: {"photo"=>#<ActionDispatch::Http::UploadedFile:0x5740620 @original_filename="1.png", @content_type="image/png", @headers="Content-Disposition: form-data; name=\"photo\"; filename=\"1.png\"\r\nContent-Type: image/png\r\n", @tempfile=#<File:C:/Users/y/AppData/Local/Temp/RackMultipart20130328-8628-rvmlut>>, "description"=>"hello world"}
WARNING: Can't verify CSRF token authenticity
  Rendered photos/add.json.jbuilder (0.0ms)
Completed 200 OK in 629ms (Views: 19.0ms | ActiveRecord: 542.0ms)
Connecting to database specified by database.yml
Connecting to database specified by database.yml


Started POST "/photos/add" for 127.0.0.1 at 2013-03-29 13:40:39 +0800
Connecting to database specified by database.yml
Processing by PhotosController#add as XML
  Parameters: {"photo"=>#<ActionDispatch::Http::UploadedFile:0x4c47e70 @original_filename="1.png", @content_type="image/png", @headers="Content-Disposition: form-data; name=\"photo\"; filename=\"1.png\"\r\nContent-Type: image/png\r\n", @tempfile=#<File:C:/Users/y/AppData/Local/Temp/RackMultipart20130329-8196-11hzpst>>, "description"=>"hello world"}
WARNING: Can't verify CSRF token authenticity
  [1m[36m (10.0ms)[0m  [1mBEGIN[0m
  [1m[35mSQL (14.0ms)[0m  INSERT INTO `photos` (`content_type`, `created_at`, `del_flg`, `description`, `filename`, `height`, `isvalid`, `md5`, `orig_filename`, `parent_id`, `partition`, `photoable_id`, `photoable_type`, `size`, `thumbnail`, `updated_at`, `upload_filename`, `user_id`, `validated`, `width`) VALUES (NULL, '2013-03-29 05:40:40', 0, 'hello world', NULL, NULL, 0, NULL, NULL, NULL, NULL, NULL, NULL, NULL, NULL, '2013-03-29 05:40:40', NULL, NULL, 0, NULL)
  [1m[36m (25.0ms)[0m  [1mCOMMIT[0m
  Rendered photos/add.json.jbuilder (0.0ms)
Completed 200 OK in 220ms (Views: 56.0ms | ActiveRecord: 87.0ms)
